  actor.cpp
  camera.cpp
  engine.cpp
  entity.cpp
entity.cpp(123): warning C4244: 'argument' : conversion from 'int' to 'float', possible loss of data
entity.cpp(123): warning C4244: 'argument' : conversion from 'int' to 'float', possible loss of data
  level.cpp
level.cpp(235): warning C4018: '>=' : signed/unsigned mismatch
level.cpp(235): warning C4018: '>=' : signed/unsigned mismatch
level.cpp(275): warning C4018: '>=' : signed/unsigned mismatch
level.cpp(275): warning C4018: '>=' : signed/unsigned mismatch
level.cpp(334): warning C4244: 'argument' : conversion from 'int' to 'float', possible loss of data
level.cpp(334): warning C4244: 'argument' : conversion from 'int' to 'float', possible loss of data
level.cpp(341): warning C4244: 'argument' : conversion from 'int' to 'float', possible loss of data
level.cpp(341): warning C4244: 'argument' : conversion from 'int' to 'float', possible loss of data
level.cpp(379): warning C4244: 'argument' : conversion from 'int' to 'float', possible loss of data
level.cpp(379): warning C4244: 'argument' : conversion from 'int' to 'float', possible loss of data
level.cpp(386): warning C4244: 'argument' : conversion from 'int' to 'float', possible loss of data
level.cpp(386): warning C4244: 'argument' : conversion from 'int' to 'float', possible loss of data
level.cpp(395): warning C4244: 'argument' : conversion from 'int' to 'float', possible loss of data
level.cpp(395): warning C4244: 'argument' : conversion from 'int' to 'float', possible loss of data
level.cpp(400): warning C4244: 'argument' : conversion from 'int' to 'float', possible loss of data
level.cpp(400): warning C4244: 'argument' : conversion from 'int' to 'float', possible loss of data
level.cpp(504): warning C4244: 'argument' : conversion from 'const int' to 'float', possible loss of data
level.cpp(504): warning C4244: 'argument' : conversion from 'const int' to 'float', possible loss of data
level.cpp(538): warning C4018: '<' : signed/unsigned mismatch
level.cpp(538): warning C4018: '<' : signed/unsigned mismatch
level.cpp(544): warning C4018: '<' : signed/unsigned mismatch
level.cpp(544): warning C4018: '<' : signed/unsigned mismatch
level.cpp(550): warning C4018: '<' : signed/unsigned mismatch
level.cpp(550): warning C4018: '<' : signed/unsigned mismatch
level.cpp(556): warning C4018: '<' : signed/unsigned mismatch
level.cpp(556): warning C4018: '<' : signed/unsigned mismatch
  main.cpp
  Generating code
  Finished generating code
  Pix Game 1.vcxproj -> C:\Users\Tyler\documents\visual studio 2010\Projects\Pix Game 1\Release\ASRPrototype.exe
